;! output_format 5.3
; header 115692934835
; 
;                                   PrimePower 
; 
;                Version P-2019.03-SP3 for linux64 - Jul 16, 2019 
; 
;                     Copyright (c) 1988 - 2019 Synopsys, Inc.
;    This software and the associated documentation are proprietary to Synopsys,
;  Inc. This software may only be used in accordance with the terms and conditions
;  of a written license agreement with Synopsys, Inc. All other use, reproduction,
;             or distribution of this software is strictly prohibited.
;

;
.time_resolution 0.001
.hier_separator /
.index Pc(detector110) 1 Pc
0
1  1.071e-06
1000
1  1.060e-06
2000
1  1.211e-03
2007
1  4.129e-04
2014
1  1.033e-06
3000
1  6.633e-04
3007
1  2.265e-04
3014
1  1.060e-06
4000
1  1.211e-03
4007
1  4.129e-04
4014
1  1.033e-06
5000
1  6.633e-04
5007
1  2.265e-04
5014
1  1.060e-06
6000
1  1.460e-03
6007
1  6.618e-04
6014
1  2.499e-04
6026
1  1.114e-06
6999
1  4.380e-04
7000
1  6.634e-04
7007
1  2.266e-04
7014
1  1.141e-06
8000
1  1.326e-03
8007
1  5.278e-04
8014
1  1.159e-04
8028
1  1.345e-04
8091
1  1.413e-04
8143
1  1.413e-04
8144
1  2.510e-04
8162
1  1.177e-06
8999
1  1.019e-04
9000
1  6.228e-04
9007
1  1.859e-04
9097
1  2.089e-04
9117
1  2.089e-04
9118
1  1.907e-04
9143
1 -2.505e-05
9152
1  6.698e-05
9156
1  6.697e-05
9157
1  9.415e-05
9166
1  1.329e-06
9999
1  1.360e-03
10000
1  2.062e-03
10007
1  7.027e-04
10014
1  1.328e-06
11000
1  3.548e-04
11085
1  2.777e-04
11094
1  1.794e-04
11095
1  2.602e-04
11108
1  3.157e-04
11120
1  2.255e-04
11121
1  5.060e-04
11125
1  4.252e-04
11126
1  5.455e-04
11133
1  4.252e-04
11161
1  4.085e-04
11165
1  3.631e-04
11166
1  2.195e-04
11184
1  2.649e-04
11197
1 -2.575e-05
11201
1  2.277e-05
11206
1  1.001e-04
11210
1  1.230e-06
12000
1  1.171e-03
12007
1  4.131e-04
12014
1  1.239e-06
13000
1  7.003e-04
13007
1  2.266e-04
13014
1  1.230e-06
14000
1  1.547e-03
14007
1  7.893e-04
14014
1  3.775e-04
14030
1  1.419e-04
14042
1  2.510e-04
14060
1  1.169e-06
14999
1  8.519e-05
15000
1  6.595e-04
15007
1  1.859e-04
15097
1  2.884e-04
15117
1  2.883e-04
15118
1  3.318e-04
15137
1  3.319e-04
15138
1  2.733e-04
15151
1  3.198e-04
15167
1  3.263e-04
15169
1  3.881e-04
15173
1  2.143e-04
15176
1  1.196e-06
16000
1  2.062e-03
16007
1  7.026e-04
16014
1  1.242e-06
17000
1  3.536e-04
17082
1  2.830e-04
17095
1  1.849e-04
17108
1  9.684e-05
17110
1  2.105e-04
17144
1  7.181e-05
17162
1  1.216e-06
17999
1  7.995e-04
18000
1  1.211e-03
18007
1  4.131e-04
18014
1  1.189e-06
19000
1  6.635e-04
19007
1  2.266e-04
19014
1  1.216e-06
20000
1  1.211e-03
20007
1  4.131e-04
20014
1  1.189e-06
21000
1  6.635e-04
21007
1  2.266e-04
21014
1  1.216e-06
22000
1  1.211e-03
22007
1  4.131e-04
22014
1  1.189e-06
23000
1  6.635e-04
23007
1  2.266e-04
23014
1  1.216e-06
24000
1  1.326e-03
24007
1  5.279e-04
24014
1  1.160e-04
24028
1  1.345e-04
24091
1  1.413e-04
24143
1  2.510e-04
24162
1  1.207e-06
24999
1  6.228e-04
25007
1  1.860e-04
25097
1  2.089e-04
25117
1  2.748e-04
25118
1  1.907e-04
25143
1 -2.502e-05
25152
1  6.701e-05
25156
1  9.418e-05
25166
1  1.358e-06
26000
1  0.000e+00
; file closed at 26ns
; trailer 819505344
