###############################################################
#  Generated by:      Cadence Innovus 18.13-s088_1
#  OS:                Linux x86_64(Host ID zxp007.u-aizu.ac.jp)
#  Generated on:      Tue Nov 21 14:21:56 2023
#  Design:            top
#  Command:           report_ccopt_clock_trees -file ./reports/clock_trees.rpt
###############################################################

Clock DAG stats:
================

-----------------------------------------------------------
Cell type                     Count    Area     Capacitance
-----------------------------------------------------------
Buffers                         0      0.000       0.000
Inverters                       0      0.000       0.000
Integrated Clock Gates          0      0.000       0.000
Non-Integrated Clock Gates      0      0.000       0.000
Clock Logic                     0      0.000       0.000
All                             0      0.000       0.000
-----------------------------------------------------------


Clock DAG wire lengths:
=======================

--------------------
Type     Wire Length
--------------------
Top         0.000
Trunk       0.000
Leaf       28.910
Total      28.910
--------------------


Clock DAG capacitances:
=======================

--------------------------------
Type     Gate     Wire     Total
--------------------------------
Top      0.000    0.000    0.000
Trunk    0.000    0.000    0.000
Leaf     0.008    0.004    0.012
Total    0.008    0.004    0.012
--------------------------------


Clock DAG sink capacitances:
============================

--------------------------------------------------------
Count    Total    Average    Std. Dev.    Min      Max
--------------------------------------------------------
  8      0.008     0.001       0.000      0.001    0.001
--------------------------------------------------------


Clock DAG net violations:
=========================

None


Clock DAG primary half-corner transition distribution:
======================================================

--------------------------------------------------------------------------------------------------------------------------------------------------------------
Net Type    Target    Count    Average    Std. Dev.    Min      Max      Distribution                                                              Over Target
--------------------------------------------------------------------------------------------------------------------------------------------------------------
Leaf        0.043       1       0.002       0.000      0.002    0.002    {1 <= 0.026ns, 0 <= 0.034ns, 0 <= 0.039ns, 0 <= 0.041ns, 0 <= 0.043ns}         -
--------------------------------------------------------------------------------------------------------------------------------------------------------------



Please note that the following tables reflect only the defined clock trees, so the flop counts might not include all flops in your design.

Clock Tree Summary:
===================

-------------------------------------------------------------------------------------------------------------------------------------------------------------------------------------------------------
Clock Tree  # Posedge  # Negedge  # RAM  # Enable  # Non enable  # Other  # Clock  # Bufs  # Invs  # Other  # Implicit  Max       Max     Max     Max          Standard   Wire   Gate   Clock Tree Root
Name        Flops      Flops      Clock  Latch     Latch         Sinks    Gates                    Clock    ignore/     Non-leaf  Leaf    Length  Source-sink  cell area  cap    cap    
                                  Pins   Sinks     Sinks                                           Cells    stop pins   Fanout    Fanout  (um)    Resistance   (um^2)     (pF)   (pF)   
                                                                                                                                                  (Ohms)                                
-------------------------------------------------------------------------------------------------------------------------------------------------------------------------------------------------------
MY_CLK          8          0        0       0           0           0        0       0       0        0         0          0        8     17.252    458.776      0.000    0.004  0.008  clk
-------------------------------------------------------------------------------------------------------------------------------------------------------------------------------------------------------

Summary across all clock trees :
================================

---------------------------------------------------------------------------------------------------------------------------------------------------------------------------------------------
# Posedge  # Negedge  # RAM  # Enable  # Non enable  # Other  # Clock  # Bufs  # Invs  # Other  # Implicit  Max       Average   Max     Average  Max     Max          Standard   Wire   Gate
Flops      Flops      Clock  Latch     Latch         Sinks    Gates                    Clock    ignore/     Non-leaf  Non-leaf  Leaf    Leaf     Length  Source-sink  cell area  cap    cap
                      Pins   Sinks     Sinks                                           Cells    stop pins   Fanout    Fanout    Fanout  Fanout   (um)    Resistance   (um^2)     (pF)   (pF)
                                                                                                                                                         (Ohms)                         
---------------------------------------------------------------------------------------------------------------------------------------------------------------------------------------------
    8          0        0       0           0           0        0       0       0        0         0          0         0        8        8     17.252    45.878       0.000    0.004  0.008
---------------------------------------------------------------------------------------------------------------------------------------------------------------------------------------------

Physical metrics across all clock trees
=======================================

-----------------------------------------------------------------------
Metric                               Minimum  Average  Maximum  Std.dev
-----------------------------------------------------------------------
Source-sink routed net length (um)   17.252   17.252   17.252    0.000
Source-sink manhattan distance (um)  65.255   65.255   65.255    0.000
Source-sink resistance (Ohm)         45.878   45.878   45.878    0.000
-----------------------------------------------------------------------

Transition distribution for half-corner default:setup.late:
===========================================================

--------------------------------------------------------------------------------------------------------------------------------------------------------------
Net Type    Target    Count    Average    Std. Dev.    Min      Max      Distribution                                                              Over Target
--------------------------------------------------------------------------------------------------------------------------------------------------------------
Leaf        0.043       1       0.002       0.000      0.002    0.002    {1 <= 0.026ns, 0 <= 0.034ns, 0 <= 0.039ns, 0 <= 0.041ns, 0 <= 0.043ns}         -
--------------------------------------------------------------------------------------------------------------------------------------------------------------

Count of violations across all clock trees:
===========================================

---------------------------------------------------------------------------------------
Clock Tree  # Max capacitance  # Max resistance  # Max length  # Max fanout  # Slew
Name        violations         violations        violations    violations    violations
---------------------------------------------------------------------------------------
MY_CLK              0                 0               0             0            0
---------------------------------------------------------------------------------------
Total               0                 0               0             0            0
---------------------------------------------------------------------------------------

Note the above table per clock tree is based on CCOpt clock tree view. The violations are counted across half corners.

Found a total of 0 clock tree pins with max capacitance violations.
Found a total of 0 clock tree nets with max resistance violations.
Found a total of 0 clock tree nets with max length violations.
Found a total of 0 clock tree nets with max fanout violations.
Found a total of 0 clock tree pins with a slew violation.

Report for clock tree: MY_CLK
=============================

Clock Tree Gating Structure (Logical):

# Full cycle clock gates   : 0
Minimum clock gating depth : 0
Maximum clock gating depth : 0
Clock gate area (um^2)     : 0.000

Clock Tree Buffering Structure (Logical):

# Buffers             : 0
# Inverters           : 0
  Total               : 0
Minimum depth         : 0
Maximum depth         : 0
Buffering area (um^2) : 0.000

Clock Tree Level Structure (Logical):

---------------------------------------------------------------------------
Level  # Full  # Posedge  # Negedge  # RAM  # Enable  # Non enable  # Other
       Cycle   Flops      Flops      Clock  Latch     Latch         Sinks
                                     Pins   Sinks     Sinks         
---------------------------------------------------------------------------
root     0         8          0        0       0           0           0
---------------------------------------------------------------------------
Total    0         8          0        0       0           0           0
---------------------------------------------------------------------------

Target and measured clock slews (in ns):

----------------------------------------------------------------------------------------------------------------------------------
Timing Corner        Worst Rising  Worst Falling  Worst Rising  Worst Falling  Leaf Slew      Leaf Slew  Trunk Slew     Trunk Slew
                     Leaf Slew     Leaf Slew      Trunk Slew    Trunk Slew     Target Type    Target     Target Type    Target
----------------------------------------------------------------------------------------------------------------------------------
default:hold.early      0.002          0.002           -              -        ignored            -      ignored            -
default:hold.late       0.002          0.002           -              -        ignored            -      ignored            -
default:setup.early     0.002          0.002           -              -        ignored            -      ignored            -
default:setup.late      0.002          0.002           -              -        auto computed   0.043     auto computed      -
----------------------------------------------------------------------------------------------------------------------------------

* - indicates that target was not met.

auto extracted - target was extracted from SDC.
auto computed - target was computed when balancing trees.

