###############################################################
#  Generated by:      Cadence Innovus 18.13-s088_1
#  OS:                Linux x86_64(Host ID zxp007.u-aizu.ac.jp)
#  Generated on:      Tue Nov 21 14:21:56 2023
#  Design:            top
#  Command:           report_ccopt_skew_groups -file ./reports/skew_groups.rpt
###############################################################

Skew Group Structure:
=====================

----------------------------------------------------------
Skew Group    Sources    Constrained Sinks    Ignore Sinks
----------------------------------------------------------
MY_CLK           1               8                 0
----------------------------------------------------------

Skew Group Summary:
===================

----------------------------------------------------------------------------------------------------------------------------------------------------------------
Timing Corner          Skew Group    ID Target    Min ID    Max ID    Avg ID    Std.Dev. ID    Skew Target Type    Skew Target    Skew     Skew window occupancy
----------------------------------------------------------------------------------------------------------------------------------------------------------------
default:setup.early    MY_CLK            -        0.000     0.000     0.000        0.000       ignored                  -         0.000              -
default:setup.late     MY_CLK        none         0.000     0.000     0.000        0.000       auto computed        0.042         0.000    100% {0.000, 0.000}
default:hold.early     MY_CLK            -        0.000     0.000     0.000        0.000       ignored                  -         0.000              -
default:hold.late      MY_CLK            -        0.000     0.000     0.000        0.000       ignored                  -         0.000              -
----------------------------------------------------------------------------------------------------------------------------------------------------------------

* - indicates that target was not met.

Skew Group Min/Max path pins:
=============================

-------------------------------------------------------------------------
Timing Corner          Skew Group    Min ID    PathID    Max ID    PathID
-------------------------------------------------------------------------
default:setup.early    MY_CLK        0.000       1       0.000       2
-    min r_temp2_reg[0]/CK
-    max r_temp2_reg[0]/CK
default:setup.late     MY_CLK        0.000       3       0.000       4
-    min r_temp2_reg[0]/CK
-    max r_temp2_reg[0]/CK
default:hold.early     MY_CLK        0.000       5       0.000       6
-    min r_temp2_reg[0]/CK
-    max r_temp2_reg[0]/CK
default:hold.late      MY_CLK        0.000       7       0.000       8
-    min r_temp2_reg[0]/CK
-    max r_temp2_reg[0]/CK
-------------------------------------------------------------------------

Timing for timing corner default:setup.early, min clock_path:
=============================================================

PathID    : 1
Path type : skew group MY_CLK (path 1 of 1)
Start     : clk
End       : r_temp2_reg[0]/CK
Delay     : 0.000

----------------------------------------------------------------------------------------------
Name  Lib cell  Event  Incr   Arrival  Slew   Cap    Location         Distance  Fanout  Status
                       (ns)   (ns)     (ns)   (pF)                    (um)              
-- Clockpath trace ---------------------------------------------------------------------------
clk
-     -         rise   -       0.000   0.002  0.012  (0.000,0.000)    -           8     
r_temp2_reg[0]/CK
-     DFFR_X1   rise   0.000   0.000   0.002  -      (29.085,16.830)   45.915   -       
----------------------------------------------------------------------------------------------

Timing for timing corner default:setup.early, max clock_path:
=============================================================

PathID    : 2
Path type : skew group MY_CLK (path 1 of 1)
Start     : clk
End       : r_temp2_reg[7]/CK
Delay     : 0.000

----------------------------------------------------------------------------------------------
Name  Lib cell  Event  Incr   Arrival  Slew   Cap    Location         Distance  Fanout  Status
                       (ns)   (ns)     (ns)   (pF)                    (um)              
-- Clockpath trace ---------------------------------------------------------------------------
clk
-     -         rise   -       0.000   0.002  0.012  (0.000,0.000)    -           8     
r_temp2_reg[7]/CK
-     DFFR_X1   rise   0.000   0.000   0.002  -      (34.595,30.660)   65.255   -       
----------------------------------------------------------------------------------------------

Timing for timing corner default:setup.late, min clock_path:
============================================================

PathID    : 3
Path type : skew group MY_CLK (path 1 of 1)
Start     : clk
End       : r_temp2_reg[0]/CK
Delay     : 0.000

----------------------------------------------------------------------------------------------
Name  Lib cell  Event  Incr   Arrival  Slew   Cap    Location         Distance  Fanout  Status
                       (ns)   (ns)     (ns)   (pF)                    (um)              
-- Clockpath trace ---------------------------------------------------------------------------
clk
-     -         rise   -       0.000   0.002  0.012  (0.000,0.000)    -           8     
r_temp2_reg[0]/CK
-     DFFR_X1   rise   0.000   0.000   0.002  -      (29.085,16.830)   45.915   -       
----------------------------------------------------------------------------------------------

Timing for timing corner default:setup.late, max clock_path:
============================================================

PathID    : 4
Path type : skew group MY_CLK (path 1 of 1)
Start     : clk
End       : r_temp2_reg[7]/CK
Delay     : 0.000

----------------------------------------------------------------------------------------------
Name  Lib cell  Event  Incr   Arrival  Slew   Cap    Location         Distance  Fanout  Status
                       (ns)   (ns)     (ns)   (pF)                    (um)              
-- Clockpath trace ---------------------------------------------------------------------------
clk
-     -         rise   -       0.000   0.002  0.012  (0.000,0.000)    -           8     
r_temp2_reg[7]/CK
-     DFFR_X1   rise   0.000   0.000   0.002  -      (34.595,30.660)   65.255   -       
----------------------------------------------------------------------------------------------

Timing for timing corner default:hold.early, min clock_path:
============================================================

PathID    : 5
Path type : skew group MY_CLK (path 1 of 1)
Start     : clk
End       : r_temp2_reg[0]/CK
Delay     : 0.000

----------------------------------------------------------------------------------------------
Name  Lib cell  Event  Incr   Arrival  Slew   Cap    Location         Distance  Fanout  Status
                       (ns)   (ns)     (ns)   (pF)                    (um)              
-- Clockpath trace ---------------------------------------------------------------------------
clk
-     -         rise   -       0.000   0.002  0.012  (0.000,0.000)    -           8     
r_temp2_reg[0]/CK
-     DFFR_X1   rise   0.000   0.000   0.002  -      (29.085,16.830)   45.915   -       
----------------------------------------------------------------------------------------------

Timing for timing corner default:hold.early, max clock_path:
============================================================

PathID    : 6
Path type : skew group MY_CLK (path 1 of 1)
Start     : clk
End       : r_temp2_reg[7]/CK
Delay     : 0.000

----------------------------------------------------------------------------------------------
Name  Lib cell  Event  Incr   Arrival  Slew   Cap    Location         Distance  Fanout  Status
                       (ns)   (ns)     (ns)   (pF)                    (um)              
-- Clockpath trace ---------------------------------------------------------------------------
clk
-     -         rise   -       0.000   0.002  0.012  (0.000,0.000)    -           8     
r_temp2_reg[7]/CK
-     DFFR_X1   rise   0.000   0.000   0.002  -      (34.595,30.660)   65.255   -       
----------------------------------------------------------------------------------------------

Timing for timing corner default:hold.late, min clock_path:
===========================================================

PathID    : 7
Path type : skew group MY_CLK (path 1 of 1)
Start     : clk
End       : r_temp2_reg[0]/CK
Delay     : 0.000

----------------------------------------------------------------------------------------------
Name  Lib cell  Event  Incr   Arrival  Slew   Cap    Location         Distance  Fanout  Status
                       (ns)   (ns)     (ns)   (pF)                    (um)              
-- Clockpath trace ---------------------------------------------------------------------------
clk
-     -         rise   -       0.000   0.002  0.012  (0.000,0.000)    -           8     
r_temp2_reg[0]/CK
-     DFFR_X1   rise   0.000   0.000   0.002  -      (29.085,16.830)   45.915   -       
----------------------------------------------------------------------------------------------

Timing for timing corner default:hold.late, max clock_path:
===========================================================

PathID    : 8
Path type : skew group MY_CLK (path 1 of 1)
Start     : clk
End       : r_temp2_reg[7]/CK
Delay     : 0.000

----------------------------------------------------------------------------------------------
Name  Lib cell  Event  Incr   Arrival  Slew   Cap    Location         Distance  Fanout  Status
                       (ns)   (ns)     (ns)   (pF)                    (um)              
-- Clockpath trace ---------------------------------------------------------------------------
clk
-     -         rise   -       0.000   0.002  0.012  (0.000,0.000)    -           8     
r_temp2_reg[7]/CK
-     DFFR_X1   rise   0.000   0.000   0.002  -      (34.595,30.660)   65.255   -       
----------------------------------------------------------------------------------------------

